[2026-01-31--12-21-48 INFO actix_server::builder] starting 5 workers
[2026-01-31--12-21-48 INFO actix_server::server] Tokio runtime found; starting in existing Tokio runtime
[2026-01-31--12-21-48 INFO actix_server::server] starting service: "actix-web-service-127.0.0.1:18488", workers: 5, listening on: 127.0.0.1:18488
[2026-01-31--12-21-50 INFO parity_ws] Listening for new connections on 127.0.0.1:8900.
[2026-01-31--12-21-54 INFO txtx::svm::deploy_program] [Recovery Instructions] - An ephemeral authority account will be created and funded to write to the buffer account.
[2026-01-31--12-21-54 INFO txtx::svm::deploy_program] [Recovery Instructions] - Please save the following information in case the deployment fails and the account needs to be recovered:
[2026-01-31--12-21-54 INFO txtx::svm::deploy_program] [Recovery Instructions] - Ephemeral authority public key: 4fUDopp2SW93o3JM8v65zJQpkpsbsgpYnNzpYypr49Dn
[2026-01-31--12-21-54 INFO txtx::svm::deploy_program] [Recovery Instructions] - Ephemeral authority secret key: [116, 107, 121, 120, 21, 123, 120, 149, 25, 104, 206, 138, 57, 23, 28, 33, 116, 197, 130, 247, 188, 131, 83, 171, 107, 42, 239, 43, 183, 18, 18, 223, 54, 109, 233, 2, 195, 249, 57, 153, 96, 67, 217, 76, 222, 148, 2, 39, 93, 5, 229, 57, 80, 169, 188, 129, 53, 27, 187, 190, 166, 241, 155, 109]
[2026-01-31--12-21-55 INFO txtx::svm::deploy_program] Account Created - Ephemeral authority account created and funded to write to buffer
[2026-01-31--12-21-55 INFO txtx::svm::deploy_program] [Recovery Instructions] - Creating program buffer account at pubkey 5HjFLpuzDgSsKtB92NCzA7uf8xi6m9sWAgd4gcQ4w2k4
[2026-01-31--12-21-56 INFO txtx::svm::deploy_program] Account Created - Program buffer account created
[2026-01-31--12-21-58 INFO txtx::svm::deploy_program] Buffer Ready - Writing to buffer account is complete
[2026-01-31--12-21-59 INFO txtx::svm::deploy_program] Program Created - Program 65dJPmbNKs64eVTKiQJwcHLj9da2TCkA7JnaWy1LR3ws has been deployed
[2026-01-31--12-22-00 INFO txtx::svm::deploy_program] Complete - Ephemeral authority account closed and leftover funds returned to payer
[2026-01-31--12-22-01 INFO parity_ws::io] Accepted a new tcp connection from 127.0.0.1:56387.
[2026-01-31--12-23-39 INFO actix_server::accept] accept thread stopped
[2026-01-31--12-23-39 INFO actix_server::worker] shutting down idle worker
[2026-01-31--12-23-39 INFO actix_server::worker] shutting down idle worker
[2026-01-31--12-23-39 INFO actix_server::worker] shutting down idle worker
[2026-01-31--12-23-39 INFO actix_server::worker] shutting down idle worker
[2026-01-31--12-23-39 INFO actix_server::worker] shutting down idle worker
